{
  "RSpec": {
    "coverage": {
      "/home/peaceful-convention-1205/tic-tac-toe-rb-ruby-apply-000/lib/tic_tac_toe.rb": [
        1,
        4,
        4,
        4,
        4,
        4,
        null,
        null,
        1,
        6,
        3,
        null,
        3,
        null,
        null,
        null,
        null,
        1,
        10,
        7,
        3,
        3,
        0,
        0,
        null,
        null,
        null,
        1,
        6,
        null,
        null,
        1,
        6,
        null,
        null,
        1,
        3,
        3,
        3,
        3,
        2,
        2,
        null,
        1,
        null,
        null,
        null,
        1,
        0,
        0,
        0,
        0,
        null,
        null,
        null,
        1,
        2,
        2,
        18,
        5,
        null,
        null,
        2,
        null,
        null,
        1,
        1,
        null
      ]
    },
    "timestamp": 1588107418
  }
}
