{
  "RSpec": {
    "coverage": {
      "/home/peaceful-convention-1205/tic-tac-toe-rb-ruby-apply-000/lib/tic_tac_toe.rb": [
        1,
        30,
        30,
        30,
        30,
        30,
        null,
        null,
        1,
        47548,
        26,
        null,
        47522,
        null,
        null,
        null,
        null,
        1,
        47552,
        30,
        47522,
        47522,
        0,
        0,
        null,
        null,
        null,
        1,
        47548,
        null,
        null,
        1,
        29,
        null,
        null,
        1,
        47555,
        47549,
        47545,
        47545,
        25,
        25,
        null,
        47520,
        null,
        null,
        null,
        1,
        12,
        12,
        35,
        23,
        null,
        null,
        null,
        1,
        2,
        2,
        18,
        5,
        null,
        null,
        2,
        null,
        null,
        1,
        1,
        null,
        null,
        null,
        1,
        null,
        null,
        null,
        null,
        null,
        null,
        null,
        null,
        null,
        1,
        24,
        165,
        165,
        165,
        null,
        165,
        165,
        165,
        null,
        165,
        13,
        152,
        2,
        null,
        null,
        9,
        null,
        null,
        1,
        52,
        null,
        null,
        1,
        8,
        3,
        5,
        2,
        3,
        3,
        null,
        null,
        null,
        1,
        3,
        2,
        null,
        null,
        null,
        1,
        3,
        2,
        null,
        null
      ]
    },
    "timestamp": 1588107484
  }
}
